Mon, 23 Dec 2019 21:44:04 GMT | ERROR | headevrViewData is not defined. 

Mon, 23 Dec 2019 21:44:04 GMT | ERROR | headevrViewData is not defined. 

Mon, 23 Dec 2019 21:44:04 GMT | ERROR | headevrViewData is not defined. 

Sat, 28 Dec 2019 16:41:45 GMT | ERROR | headerViewfData is not defined. 

Sat, 28 Dec 2019 16:41:45 GMT | ERROR | headerViewfData is not defined. 

Sat, 28 Dec 2019 16:41:45 GMT | ERROR | headerViewfData is not defined. 

Sat, 28 Dec 2019 16:44:36 GMT | ERROR | {"errorRedirectPath":"/productNotFound.hbs","errorMessage":"Product not found"}. 

Sat, 28 Dec 2019 16:45:45 GMT | ERROR | {"errorRedirectPath":"/productNotFound.hbs","errorMessage":"Product not found"}. 

Sat, 28 Dec 2019 16:47:36 GMT | ERROR | {"errorRedirectPath":"/productNotFound.hbs","errorMessage":"Product not found"}. 

Sat, 28 Dec 2019 16:47:56 GMT | ERROR | {"errorRedirectPath":"/productNotFound.hbs","errorMessage":"Product not found"}. 

Sat, 28 Dec 2019 16:54:19 GMT | ERROR | {"errorRedirectPath":"/productNotFound.hbs","errorMessage":"Product not found"}. 

Sat, 28 Dec 2019 16:54:20 GMT | ERROR | {"errorRedirectPath":"/productNotFound.hbs","errorMessage":"Product not found"}. 

Sun, 29 Dec 2019 11:40:04 GMT | ERROR | {"errorRedirectPath":"/productNotFound.hbs","errorMessage":"Product not found"}. 

Sun, 29 Dec 2019 11:40:48 GMT | ERROR | {"errorRedirectPath":"/productNotFound.hbs","errorMessage":"Product not found"}. 

Sun, 29 Dec 2019 11:40:48 GMT | ERROR | {"errorRedirectPath":"/productNotFound.hbs","errorMessage":"Product not found"}. 

Sun, 29 Dec 2019 14:03:32 GMT | ERROR | {"errorRedirectPath":"/productNotFound.hbs","errorMessage":"Product not found"}. 

Sun, 29 Dec 2019 14:03:43 GMT | ERROR | {"errorRedirectPath":"/productNotFound.hbs","errorMessage":"Product not found"}. 

Sun, 29 Dec 2019 14:30:40 GMT | ERROR | {"errorRedirectPath":"/productNotFound.hbs","errorMessage":"Product not found"}. 

Sun, 29 Dec 2019 14:30:42 GMT | ERROR | {"errorRedirectPath":"/productNotFound.hbs","errorMessage":"Product not found"}. 

Sun, 29 Dec 2019 14:30:44 GMT | ERROR | {"errorRedirectPath":"/productNotFound.hbs","errorMessage":"Product not found"}. 

Sun, 29 Dec 2019 14:30:46 GMT | ERROR | {"errorRedirectPath":"/productNotFound.hbs","errorMessage":"Product not found"}. 

Sun, 29 Dec 2019 14:30:50 GMT | ERROR | {"errorRedirectPath":"/productNotFound.hbs","errorMessage":"Product not found"}. 

Sat, 21 Mar 2020 20:08:43 GMT | ERROR | {"errorRedirectPath":"/productNotFound.hbs","errorMessage":"Product not found"}. 

Sun, 22 Mar 2020 22:12:02 GMT | ERROR | {"errorRedirectPath":"/productNotFound.hbs","errorMessage":"Product not found"}. 

Sun, 22 Mar 2020 22:14:25 GMT | ERROR | {"errorRedirectPath":"/productNotFound.hbs","errorMessage":"Product not found"}. 

Sun, 22 Mar 2020 22:14:26 GMT | ERROR | {"errorRedirectPath":"/productNotFound.hbs","errorMessage":"Product not found"}. 

